#
# There is insufficient memory for the Java Runtime Environment to continue.
# Native memory allocation (malloc) failed to allocate 807616 bytes for Chunk::new
# Possible reasons:
#   The system is out of physical RAM or swap space
#   The process is running with CompressedOops enabled, and the Java Heap may be blocking the growth of the native heap
# Possible solutions:
#   Reduce memory load on the system
#   Increase physical memory or swap space
#   Check if swap backing store is full
#   Decrease Java heap size (-Xmx/-Xms)
#   Decrease number of Java threads
#   Decrease Java thread stack sizes (-Xss)
#   Set larger code cache with -XX:ReservedCodeCacheSize=
#   JVM is running with Unscaled Compressed Oops mode in which the Java heap is
#     placed in the first 4GB address space. The Java Heap base address is the
#     maximum limit for the native heap growth. Please use -XX:HeapBaseMinAddress
#     to set the Java Heap base and to place the Java Heap above 4GB virtual address.
# This output file may be truncated or incomplete.
#
#  Out of Memory Error (allocation.cpp:389), pid=17788, tid=0x0000000000001cac
#
# JRE version: OpenJDK Runtime Environment (8.0_212-b04) (build 1.8.0_212-release-1586-b04)
# Java VM: OpenJDK 64-Bit Server VM (25.212-b04 mixed mode windows-amd64 compressed oops)
# Failed to write core dump. Minidumps are not enabled by default on client versions of Windows
#

---------------  T H R E A D  ---------------

Current thread (0x000000001655e000):  JavaThread "C2 CompilerThread1" daemon [_thread_in_native, id=7340, stack(0x00000000180b0000,0x00000000181b0000)]

Stack: [0x00000000180b0000,0x00000000181b0000]
[error occurred during error reporting (printing stack bounds), id 0xc0000005]

Native frames: (J=compiled Java code, j=interpreted, Vv=VM code, C=native code)


Current CompileTask:
C2:1114593 16550 %     4       com.android.tools.r8.dex.j::a @ 65 (2047 bytes)


---------------  P R O C E S S  ---------------

Java Threads: ( => current thread )
  0x00000000194f6800 JavaThread "ForkJoinPool-4-worker-0" daemon [_thread_in_Java, id=16468, stack(0x000000002cbf0000,0x000000002ccf0000)]
  0x00000000194f5800 JavaThread "ForkJoinPool-4-worker-3" daemon [_thread_in_Java, id=4164, stack(0x000000002caf0000,0x000000002cbf0000)]
  0x00000000194f5000 JavaThread "ForkJoinPool-4-worker-2" daemon [_thread_in_Java, id=13620, stack(0x000000002c9f0000,0x000000002caf0000)]
  0x00000000194f8800 JavaThread "ForkJoinPool-4-worker-1" daemon [_thread_in_Java, id=8572, stack(0x000000002c6a0000,0x000000002c7a0000)]
  0x00000000194fb000 JavaThread "ForkJoinPool-6-worker-0" daemon [_thread_blocked, id=15544, stack(0x000000002c8f0000,0x000000002c9f0000)]
  0x000000001a2d6000 JavaThread "ForkJoinPool-6-worker-3" daemon [_thread_blocked, id=13764, stack(0x000000002c7f0000,0x000000002c8f0000)]
  0x0000000018eb7000 JavaThread "ForkJoinPool-6-worker-2" daemon [_thread_blocked, id=4408, stack(0x000000002bb80000,0x000000002bc80000)]
  0x0000000018eba000 JavaThread "ForkJoinPool-6-worker-1" daemon [_thread_blocked, id=2552, stack(0x0000000029a00000,0x0000000029b00000)]
  0x000000001a2d4800 JavaThread "WorkerExecutor Queue Thread 5" [_thread_blocked, id=15416, stack(0x0000000029700000,0x0000000029800000)]
  0x000000001a2d3800 JavaThread "WorkerExecutor Queue Thread 4" [_thread_blocked, id=15220, stack(0x0000000027260000,0x0000000027360000)]
  0x000000001a2d6800 JavaThread "WorkerExecutor Queue Thread 3" [_thread_blocked, id=15892, stack(0x0000000025e90000,0x0000000025f90000)]
  0x000000001a2d3000 JavaThread "WorkerExecutor Queue Thread 2" [_thread_in_Java, id=8880, stack(0x0000000025ad0000,0x0000000025bd0000)]
  0x000000001a2d2000 JavaThread "WorkerExecutor Queue" [_thread_blocked, id=3592, stack(0x0000000025890000,0x0000000025990000)]
  0x000000001a2d7800 JavaThread "Cache worker for execution history cache (C:\Users\Vivian3934\AndroidStudioProjects\3F - 20201102\.gradle\5.6.4\executionHistory)" [_thread_blocked, id=216, stack(0x00000000259d0000,0x0000000025ad0000)]
  0x000000001a2d1800 JavaThread "Execution worker for ':' Thread 3" [_thread_blocked, id=15692, stack(0x00000000254e0000,0x00000000255e0000)]
  0x000000001a2c8000 JavaThread "Execution worker for ':' Thread 2" [_thread_blocked, id=5636, stack(0x00000000253e0000,0x00000000254e0000)]
  0x000000001a2cf000 JavaThread "Execution worker for ':'" [_thread_blocked, id=14184, stack(0x0000000025190000,0x0000000025290000)]
  0x000000001a2cc000 JavaThread "Cache worker for file content cache (C:\Users\Vivian3934\AndroidStudioProjects\3F - 20201102\.gradle\5.6.4\fileContent)" [_thread_blocked, id=12300, stack(0x00000000252e0000,0x00000000253e0000)]
  0x000000001a2cb800 JavaThread "Cache worker for Build Output Cleanup Cache (C:\Users\Vivian3934\AndroidStudioProjects\3F - 20201102\.gradle\buildOutputCleanup)" [_thread_blocked, id=14916, stack(0x0000000024d70000,0x0000000024e70000)]
  0x000000001a2ca000 JavaThread "Build operations Thread 4" [_thread_blocked, id=10328, stack(0x0000000022220000,0x0000000022320000)]
  0x000000001d215000 JavaThread "Build operations Thread 3" [_thread_blocked, id=14520, stack(0x0000000021d20000,0x0000000021e20000)]
  0x000000001d213800 JavaThread "Build operations Thread 2" [_thread_blocked, id=12072, stack(0x0000000020c30000,0x0000000020d30000)]
  0x000000001d211800 JavaThread "Build operations" [_thread_blocked, id=10600, stack(0x0000000020b30000,0x0000000020c30000)]
  0x000000001d210800 JavaThread "Cache worker for cache directory md-rule (C:\Users\Vivian3934\.gradle\caches\5.6.4\md-rule)" [_thread_blocked, id=16140, stack(0x0000000020a30000,0x0000000020b30000)]
  0x000000001d213000 JavaThread "Cache worker for cache directory md-supplier (C:\Users\Vivian3934\.gradle\caches\5.6.4\md-supplier)" [_thread_blocked, id=32, stack(0x000000001fe30000,0x000000001ff30000)]
  0x000000001d209000 JavaThread "Cache worker for file hash cache (C:\Users\Vivian3934\AndroidStudioProjects\3F - 20201102\.gradle\5.6.4\fileHashes)" [_thread_blocked, id=6252, stack(0x000000001e670000,0x000000001e770000)]
  0x000000001d20e800 JavaThread "Thread-56" [_thread_blocked, id=6616, stack(0x000000001e2a0000,0x000000001e3a0000)]
  0x000000001d207000 JavaThread "Stdin handler" [_thread_blocked, id=12136, stack(0x000000001ba00000,0x000000001bb00000)]
  0x000000001d20d000 JavaThread "Asynchronous log dispatcher for DefaultDaemonConnection: socket connection from /127.0.0.1:62893 to /127.0.0.1:63412" [_thread_blocked, id=6876, stack(0x000000001b700000,0x000000001b800000)]
  0x000000001d207800 JavaThread "Daemon worker Thread 3" [_thread_blocked, id=8936, stack(0x000000001b200000,0x000000001b300000)]
  0x000000001d208800 JavaThread "Cancel handler" [_thread_blocked, id=7600, stack(0x00000000178b0000,0x00000000179b0000)]
  0x000000001d20d800 JavaThread "Handler for socket connection from /127.0.0.1:62893 to /127.0.0.1:63412" [_thread_in_native, id=13612, stack(0x0000000000c40000,0x0000000000d40000)]
  0x000000001d20b800 JavaThread "Daemon Thread 3" [_thread_blocked, id=9200, stack(0x0000000000b40000,0x0000000000c40000)]
  0x000000001d214800 JavaThread "Cache worker for Java compile cache (C:\Users\Vivian3934\.gradle\caches\5.6.4\javaCompile)" [_thread_blocked, id=10308, stack(0x0000000027160000,0x0000000027260000)]
  0x0000000018eb9800 JavaThread "Cache worker for file content cache (C:\Users\Vivian3934\.gradle\caches\5.6.4\fileContent)" [_thread_blocked, id=17036, stack(0x0000000025090000,0x0000000025190000)]
  0x000000001a2cd000 JavaThread "Memory manager" [_thread_blocked, id=14376, stack(0x0000000022920000,0x0000000022a20000)]
  0x0000000018ebb000 JavaThread "Cache worker for execution history cache (C:\Users\Vivian3934\.gradle\caches\5.6.4\executionHistory)" [_thread_blocked, id=8920, stack(0x000000001ff30000,0x0000000020030000)]
  0x0000000018eb5000 JavaThread "Cache worker for journal cache (C:\Users\Vivian3934\.gradle\caches\journal-1)" [_thread_blocked, id=1196, stack(0x000000001bf00000,0x000000001c000000)]
  0x0000000018eb8800 JavaThread "File lock request listener" [_thread_in_native, id=5332, stack(0x000000001be00000,0x000000001bf00000)]
  0x00000000187af000 JavaThread "Cache worker for file hash cache (C:\Users\Vivian3934\.gradle\caches\5.6.4\fileHashes)" [_thread_blocked, id=10232, stack(0x000000001bd00000,0x000000001be00000)]
  0x0000000019d5e000 JavaThread "Daemon periodic checks" [_thread_blocked, id=7044, stack(0x000000001b100000,0x000000001b200000)]
  0x0000000019d4c800 JavaThread "Incoming local TCP Connector on port 62893" [_thread_in_native, id=8280, stack(0x000000001af50000,0x000000001b050000)]
  0x00000000186d9800 JavaThread "Daemon health stats" [_thread_blocked, id=12824, stack(0x000000001ac50000,0x000000001ad50000)]
  0x0000000017a40800 JavaThread "Service Thread" daemon [_thread_blocked, id=9436, stack(0x00000000182b0000,0x00000000183b0000)]
  0x00000000179c1000 JavaThread "C1 CompilerThread2" daemon [_thread_blocked, id=10044, stack(0x00000000181b0000,0x00000000182b0000)]
=>0x000000001655e000 JavaThread "C2 CompilerThread1" daemon [_thread_in_native, id=7340, stack(0x00000000180b0000,0x00000000181b0000)]
  0x00000000165ad000 JavaThread "C2 CompilerThread0" daemon [_thread_in_native, id=15444, stack(0x0000000017fb0000,0x00000000180b0000)]
  0x00000000165ab800 JavaThread "Attach Listener" daemon [_thread_blocked, id=15932, stack(0x0000000017eb0000,0x0000000017fb0000)]
  0x00000000179c0800 JavaThread "Signal Dispatcher" daemon [_thread_blocked, id=14508, stack(0x0000000017db0000,0x0000000017eb0000)]
  0x0000000002bdc800 JavaThread "Finalizer" daemon [_thread_blocked, id=11684, stack(0x00000000177b0000,0x00000000178b0000)]
  0x0000000016539000 JavaThread "Reference Handler" daemon [_thread_blocked, id=1820, stack(0x00000000176b0000,0x00000000177b0000)]
  0x0000000002ae2800 JavaThread "main" [_thread_blocked, id=18128, stack(0x00000000029e0000,0x0000000002ae0000)]

Other Threads:
  0x0000000016517800 VMThread [stack: 0x00000000175b0000,0x00000000176b0000] [id=6808]
  0x0000000017a41800 WatcherThread [stack: 0x00000000183b0000,0x00000000184b0000] [id=17368]

VM state:not at safepoint (normal execution)

VM Mutex/Monitor currently owned by a thread: None

heap address: 0x00000000a0000000, size: 1536 MB, Compressed Oops mode: 32-bit
Narrow klass base: 0x0000000000000000, Narrow klass shift: 3
Compressed class space size: 1073741824 Address: 0x0000000100000000

Heap:
 PSYoungGen      total 246272K, used 130414K [0x00000000e0000000, 0x00000000f7600000, 0x0000000100000000)
  eden space 216064K, 60% used [0x00000000e0000000,0x00000000e7f5bb10,0x00000000ed300000)
  from space 30208K, 0% used [0x00000000f0700000,0x00000000f0700000,0x00000000f2480000)
  to   space 53248K, 0% used [0x00000000ed300000,0x00000000ed300000,0x00000000f0700000)
 ParOldGen       total 159744K, used 62909K [0x00000000a0000000, 0x00000000a9c00000, 0x00000000e0000000)
  object space 159744K, 39% used [0x00000000a0000000,0x00000000a3d6f638,0x00000000a9c00000)
 Metaspace       used 95135K, capacity 99274K, committed 99712K, reserved 1138688K
  class space    used 12351K, capacity 13257K, committed 13440K, reserved 1048576K

Card table byte_map: [0x0000000011fa0000,0x00000000122b0000] byte_map_base: 0x0000000011aa0000

Marking Bits: (ParMarkBitMap*) 0x000000006a429f30
 Begin Bits: [0x00000000128b0000, 0x00000000140b0000)
 End Bits:   [0x00000000140b0000, 0x00000000158b0000)

Polling page: 0x0000000000db0000

CodeCache: size=245760Kb used=46828Kb max_used=46828Kb free=198931Kb
 bounds [0x0000000002be0000, 0x00000000059d0000, 0x0000000011be0000]
 total_blobs=15045 nmethods=14150 adapters=805
 compilation: enabled

Compilation events (10 events):
Event: 1114.576 Thread 0x00000000179c1000 16826       2       com.android.tools.r8.v.a.a.a.f.v::f (29 bytes)
Event: 1114.576 Thread 0x00000000179c1000 nmethod 16826 0x00000000059c5290 code [0x00000000059c5400, 0x00000000059c55f0]
Event: 1114.578 Thread 0x00000000179c1000 16828       2       com.android.tools.r8.code.Q0::hashCode (5 bytes)
Event: 1114.578 Thread 0x00000000179c1000 nmethod 16828 0x00000000059c5750 code [0x00000000059c58c0, 0x00000000059c5a48]
Event: 1114.578 Thread 0x00000000179c1000 16829       2       com.android.tools.r8.code.Q0::x (11 bytes)
Event: 1114.578 Thread 0x00000000179c1000 nmethod 16829 0x00000000059c5b10 code [0x00000000059c5c80, 0x00000000059c5e08]
Event: 1114.579 Thread 0x00000000179c1000 16830       2       com.android.tools.r8.v.a.a.a.f.c0::d (190 bytes)
Event: 1114.580 Thread 0x00000000179c1000 nmethod 16830 0x00000000059c5e90 code [0x00000000059c6080, 0x00000000059c6768]
Event: 1114.580 Thread 0x00000000179c1000 16831       2       com.android.tools.r8.v.a.a.a.f.v::a (162 bytes)
Event: 1114.580 Thread 0x00000000179c1000 nmethod 16831 0x00000000059c6d90 code [0x00000000059c6f20, 0x00000000059c7410]

GC Heap History (10 events):
Event: 26.103 GC heap before
{Heap before GC invocations=16 (full 3):
 PSYoungGen      total 209920K, used 209891K [0x00000000e0000000, 0x00000000eea00000, 0x0000000100000000)
  eden space 187392K, 100% used [0x00000000e0000000,0x00000000eb700000,0x00000000eb700000)
  from space 22528K, 99% used [0x00000000ed000000,0x00000000ee5f8c58,0x00000000ee600000)
  to   space 25600K, 0% used [0x00000000eb700000,0x00000000eb700000,0x00000000ed000000)
 ParOldGen       total 159744K, used 32179K [0x00000000a0000000, 0x00000000a9c00000, 0x00000000e0000000)
  object space 159744K, 20% used [0x00000000a0000000,0x00000000a1f6cd60,0x00000000a9c00000)
 Metaspace       used 68302K, capacity 70876K, committed 71040K, reserved 1110016K
  class space    used 9203K, capacity 9745K, committed 9856K, reserved 1048576K
Event: 26.172 GC heap after
Heap after GC invocations=16 (full 3):
 PSYoungGen      total 212992K, used 25594K [0x00000000e0000000, 0x00000000f2480000, 0x0000000100000000)
  eden space 187392K, 0% used [0x00000000e0000000,0x00000000e0000000,0x00000000eb700000)
  from space 25600K, 99% used [0x00000000eb700000,0x00000000ecffeb78,0x00000000ed000000)
  to   space 30208K, 0% used [0x00000000f0700000,0x00000000f0700000,0x00000000f2480000)
 ParOldGen       total 159744K, used 34667K [0x00000000a0000000, 0x00000000a9c00000, 0x00000000e0000000)
  object space 159744K, 21% used [0x00000000a0000000,0x00000000a21dae40,0x00000000a9c00000)
 Metaspace       used 68302K, capacity 70876K, committed 71040K, reserved 1110016K
  class space    used 9203K, capacity 9745K, committed 9856K, reserved 1048576K
}
Event: 977.252 GC heap before
{Heap before GC invocations=17 (full 3):
 PSYoungGen      total 212992K, used 212986K [0x00000000e0000000, 0x00000000f2480000, 0x0000000100000000)
  eden space 187392K, 100% used [0x00000000e0000000,0x00000000eb700000,0x00000000eb700000)
  from space 25600K, 99% used [0x00000000eb700000,0x00000000ecffeb78,0x00000000ed000000)
  to   space 30208K, 0% used [0x00000000f0700000,0x00000000f0700000,0x00000000f2480000)
 ParOldGen       total 159744K, used 34667K [0x00000000a0000000, 0x00000000a9c00000, 0x00000000e0000000)
  object space 159744K, 21% used [0x00000000a0000000,0x00000000a21dae40,0x00000000a9c00000)
 Metaspace       used 75550K, capacity 78720K, committed 79104K, reserved 1118208K
  class space    used 9906K, capacity 10630K, committed 10752K, reserved 1048576K
Event: 977.329 GC heap after
Heap after GC invocations=17 (full 3):
 PSYoungGen      total 259072K, used 30201K [0x00000000e0000000, 0x00000000f3080000, 0x0000000100000000)
  eden space 228864K, 0% used [0x00000000e0000000,0x00000000e0000000,0x00000000edf80000)
  from space 30208K, 99% used [0x00000000f0700000,0x00000000f247e550,0x00000000f2480000)
  to   space 40448K, 0% used [0x00000000edf80000,0x00000000edf80000,0x00000000f0700000)
 ParOldGen       total 159744K, used 49559K [0x00000000a0000000, 0x00000000a9c00000, 0x00000000e0000000)
  object space 159744K, 31% used [0x00000000a0000000,0x00000000a3065fe0,0x00000000a9c00000)
 Metaspace       used 75550K, capacity 78720K, committed 79104K, reserved 1118208K
  class space    used 9906K, capacity 10630K, committed 10752K, reserved 1048576K
}
Event: 988.284 GC heap before
{Heap before GC invocations=18 (full 3):
 PSYoungGen      total 259072K, used 259065K [0x00000000e0000000, 0x00000000f3080000, 0x0000000100000000)
  eden space 228864K, 100% used [0x00000000e0000000,0x00000000edf80000,0x00000000edf80000)
  from space 30208K, 99% used [0x00000000f0700000,0x00000000f247e550,0x00000000f2480000)
  to   space 40448K, 0% used [0x00000000edf80000,0x00000000edf80000,0x00000000f0700000)
 ParOldGen       total 159744K, used 49559K [0x00000000a0000000, 0x00000000a9c00000, 0x00000000e0000000)
  object space 159744K, 31% used [0x00000000a0000000,0x00000000a3065fe0,0x00000000a9c00000)
 Metaspace       used 89013K, capacity 92590K, committed 92800K, reserved 1130496K
  class space    used 11605K, capacity 12397K, committed 12416K, reserved 1048576K
Event: 988.566 GC heap after
Heap after GC invocations=18 (full 3):
 PSYoungGen      total 269312K, used 40447K [0x00000000e0000000, 0x00000000f3080000, 0x0000000100000000)
  eden space 228864K, 0% used [0x00000000e0000000,0x00000000e0000000,0x00000000edf80000)
  from space 40448K, 99% used [0x00000000edf80000,0x00000000f06fff80,0x00000000f0700000)
  to   space 30208K, 0% used [0x00000000f0700000,0x00000000f0700000,0x00000000f2480000)
 ParOldGen       total 159744K, used 60619K [0x00000000a0000000, 0x00000000a9c00000, 0x00000000e0000000)
  object space 159744K, 37% used [0x00000000a0000000,0x00000000a3b32fc0,0x00000000a9c00000)
 Metaspace       used 89013K, capacity 92590K, committed 92800K, reserved 1130496K
  class space    used 11605K, capacity 12397K, committed 12416K, reserved 1048576K
}
Event: 1112.275 GC heap before
{Heap before GC invocations=19 (full 3):
 PSYoungGen      total 269312K, used 210073K [0x00000000e0000000, 0x00000000f3080000, 0x0000000100000000)
  eden space 228864K, 74% used [0x00000000e0000000,0x00000000ea5a6850,0x00000000edf80000)
  from space 40448K, 99% used [0x00000000edf80000,0x00000000f06fff80,0x00000000f0700000)
  to   space 30208K, 0% used [0x00000000f0700000,0x00000000f0700000,0x00000000f2480000)
 ParOldGen       total 159744K, used 60619K [0x00000000a0000000, 0x00000000a9c00000, 0x00000000e0000000)
  object space 159744K, 37% used [0x00000000a0000000,0x00000000a3b32fc0,0x00000000a9c00000)
 Metaspace       used 94129K, capacity 98476K, committed 98560K, reserved 1134592K
  class space    used 12284K, capacity 13232K, committed 13312K, reserved 1048576K
Event: 1112.335 GC heap after
Heap after GC invocations=19 (full 3):
 PSYoungGen      total 246272K, used 30205K [0x00000000e0000000, 0x00000000f7600000, 0x0000000100000000)
  eden space 216064K, 0% used [0x00000000e0000000,0x00000000e0000000,0x00000000ed300000)
  from space 30208K, 99% used [0x00000000f0700000,0x00000000f247f520,0x00000000f2480000)
  to   space 53248K, 0% used [0x00000000ed300000,0x00000000ed300000,0x00000000f0700000)
 ParOldGen       total 159744K, used 65667K [0x00000000a0000000, 0x00000000a9c00000, 0x00000000e0000000)
  object space 159744K, 41% used [0x00000000a0000000,0x00000000a4020d80,0x00000000a9c00000)
 Metaspace       used 94129K, capacity 98476K, committed 98560K, reserved 1134592K
  class space    used 12284K, capacity 13232K, committed 13312K, reserved 1048576K
}
Event: 1112.335 GC heap before
{Heap before GC invocations=20 (full 4):
 PSYoungGen      total 246272K, used 30205K [0x00000000e0000000, 0x00000000f7600000, 0x0000000100000000)
  eden space 216064K, 0% used [0x00000000e0000000,0x00000000e0000000,0x00000000ed300000)
  from space 30208K, 99% used [0x00000000f0700000,0x00000000f247f520,0x00000000f2480000)
  to   space 53248K, 0% used [0x00000000ed300000,0x00000000ed300000,0x00000000f0700000)
 ParOldGen       total 159744K, used 65667K [0x00000000a0000000, 0x00000000a9c00000, 0x00000000e0000000)
  object space 159744K, 41% used [0x00000000a0000000,0x00000000a4020d80,0x00000000a9c00000)
 Metaspace       used 94129K, capacity 98476K, committed 98560K, reserved 1134592K
  class space    used 12284K, capacity 13232K, committed 13312K, reserved 1048576K
Event: 1112.782 GC heap after
Heap after GC invocations=20 (full 4):
 PSYoungGen      total 246272K, used 0K [0x00000000e0000000, 0x00000000f7600000, 0x0000000100000000)
  eden space 216064K, 0% used [0x00000000e0000000,0x00000000e0000000,0x00000000ed300000)
  from space 30208K, 0% used [0x00000000f0700000,0x00000000f0700000,0x00000000f2480000)
  to   space 53248K, 0% used [0x00000000ed300000,0x00000000ed300000,0x00000000f0700000)
 ParOldGen       total 159744K, used 62909K [0x00000000a0000000, 0x00000000a9c00000, 0x00000000e0000000)
  object space 159744K, 39% used [0x00000000a0000000,0x00000000a3d6f638,0x00000000a9c00000)
 Metaspace       used 93908K, capacity 97904K, committed 98560K, reserved 1134592K
  class space    used 12207K, capacity 13098K, committed 13312K, reserved 1048576K
}

Deoptimization events (10 events):
Event: 1113.635 Thread 0x000000001a2c8000 Uncommon trap: reason=array_check action=maybe_recompile pc=0x000000000588e920 method=java.util.TimSort.reverseRange([Ljava/lang/Object;II)V @ 27
Event: 1113.704 Thread 0x000000001a2c8000 Uncommon trap: reason=unstable_if action=reinterpret pc=0x0000000005062f80 method=com.google.common.cache.LocalCache$Segment.evictEntries(Lcom/google/common/cache/ReferenceEntry;)V @ 69
Event: 1113.817 Thread 0x000000001a2d3000 Uncommon trap: reason=unstable_if action=reinterpret pc=0x0000000003dfabd4 method=java.nio.Bits.getShort(Ljava/nio/ByteBuffer;IZ)S @ 1
Event: 1114.141 Thread 0x000000001a2d6000 Uncommon trap: reason=unstable_if action=reinterpret pc=0x000000000552c200 method=com.android.tools.r8.graph.d0.b(Lcom/android/tools/r8/graph/d0;)I @ 141
Event: 1114.264 Thread 0x0000000018eb7000 Uncommon trap: reason=unstable_if action=reinterpret pc=0x000000000386b470 method=java.util.Arrays.hashCode([Ljava/lang/Object;)I @ 1
Event: 1114.390 Thread 0x00000000194f5000 Uncommon trap: reason=unstable_if action=reinterpret pc=0x0000000005947eb0 method=com.android.tools.r8.v.a.a.a.f.c0.get(I)Ljava/lang/Object; @ 8
Event: 1114.403 Thread 0x00000000194f5800 Uncommon trap: reason=class_check action=maybe_recompile pc=0x00000000059914f8 method=com.android.tools.r8.dex.j$d.a(Lcom/android/tools/r8/graph/t;)Lcom/android/tools/r8/graph/U; @ 23
Event: 1114.403 Thread 0x00000000194f5800 Uncommon trap: reason=class_check action=maybe_recompile pc=0x00000000059914f8 method=com.android.tools.r8.dex.j$d.a(Lcom/android/tools/r8/graph/t;)Lcom/android/tools/r8/graph/U; @ 23
Event: 1114.403 Thread 0x00000000194f5800 Uncommon trap: reason=class_check action=maybe_recompile pc=0x00000000059914f8 method=com.android.tools.r8.dex.j$d.a(Lcom/android/tools/r8/graph/t;)Lcom/android/tools/r8/graph/U; @ 23
Event: 1114.403 Thread 0x00000000194f5800 Uncommon trap: reason=class_check action=maybe_recompile pc=0x00000000059914f8 method=com.android.tools.r8.dex.j$d.a(Lcom/android/tools/r8/graph/t;)Lcom/android/tools/r8/graph/U; @ 23

Classes redefined (0 events):
No events

Internal exceptions (10 events):
Event: 1113.503 Thread 0x000000001a2d3800 Exception <a 'sun/nio/fs/WindowsException'> (0x00000000e44561c8) thrown at [D:\src\AOSP-openjdk-cygwin\jdk8u\hotspot\src\share\vm\prims\jni.cpp, line 710]
Event: 1113.506 Thread 0x000000001a2d3800 Exception <a 'sun/nio/fs/WindowsException'> (0x00000000e44609d8) thrown at [D:\src\AOSP-openjdk-cygwin\jdk8u\hotspot\src\share\vm\prims\jni.cpp, line 710]
Event: 1113.514 Thread 0x000000001a2d3800 Exception <a 'sun/nio/fs/WindowsException'> (0x00000000e4532158) thrown at [D:\src\AOSP-openjdk-cygwin\jdk8u\hotspot\src\share\vm\prims\jni.cpp, line 710]
Event: 1113.516 Thread 0x000000001a2d3800 Exception <a 'sun/nio/fs/WindowsException'> (0x00000000e453a5b8) thrown at [D:\src\AOSP-openjdk-cygwin\jdk8u\hotspot\src\share\vm\prims\jni.cpp, line 710]
Event: 1113.518 Thread 0x000000001a2d3800 Exception <a 'sun/nio/fs/WindowsException'> (0x00000000e4543110) thrown at [D:\src\AOSP-openjdk-cygwin\jdk8u\hotspot\src\share\vm\prims\jni.cpp, line 710]
Event: 1113.523 Thread 0x000000001a2d3800 Exception <a 'sun/nio/fs/WindowsException'> (0x00000000e45ce870) thrown at [D:\src\AOSP-openjdk-cygwin\jdk8u\hotspot\src\share\vm\prims\jni.cpp, line 710]
Event: 1113.622 Thread 0x000000001a2d1800 Exception <a 'java/lang/NoSuchMethodError': <clinit>> (0x00000000e481d7e8) thrown at [D:\src\AOSP-openjdk-cygwin\jdk8u\hotspot\src\share\vm\prims\jni.cpp, line 1614]
Event: 1113.782 Thread 0x000000001a2d3000 Exception <a 'sun/nio/fs/WindowsException'> (0x00000000e4b67dd8) thrown at [D:\src\AOSP-openjdk-cygwin\jdk8u\hotspot\src\share\vm\prims\jni.cpp, line 710]
Event: 1114.043 Thread 0x000000001a2d2000 Exception <a 'sun/nio/fs/WindowsException'> (0x00000000e5537040) thrown at [D:\src\AOSP-openjdk-cygwin\jdk8u\hotspot\src\share\vm\prims\jni.cpp, line 710]
Event: 1114.264 Thread 0x0000000018eb7000 Implicit null exception at 0x000000000386b36f to 0x000000000386b461

Events (10 events):
Event: 1114.456 Thread 0x00000000179c1000 flushing nmethod 0x00000000050a1310
Event: 1114.459 Thread 0x00000000179c1000 flushing nmethod 0x0000000005618310
Event: 1114.460 Thread 0x00000000179c1000 flushing nmethod 0x000000000563ea90
Event: 1114.460 Thread 0x00000000179c1000 flushing nmethod 0x000000000563fb90
Event: 1114.537 Thread 0x000000001a2d3000 DEOPT PACKING pc=0x00000000054f4bc6 sp=0x0000000025bcdbd0
Event: 1114.537 Thread 0x000000001a2d3000 DEOPT UNPACKING pc=0x0000000002c275d0 sp=0x0000000025bcd948 mode 0
Event: 1114.538 Thread 0x000000001a2d3000 DEOPT PACKING pc=0x0000000004e4747e sp=0x0000000025bcdbe0
Event: 1114.538 Thread 0x000000001a2d3000 DEOPT UNPACKING pc=0x0000000002c275d0 sp=0x0000000025bcd950 mode 0
Event: 1114.540 Thread 0x000000001a2d3000 DEOPT PACKING pc=0x00000000054f4bc6 sp=0x0000000025bcdbd0
Event: 1114.540 Thread 0x000000001a2d3000 DEOPT UNPACKING pc=0x0000000002c275d0 sp=0x0000000025bcd948 mode 0


Dynamic libraries:
0x00007ff73c6b0000 - 0x00007ff73c6e1000 	C:\Program Files\Android\Android Studio\jre\bin\java.exe
0x00007ffa4ba90000 - 0x00007ffa4bc86000 	C:\WINDOWS\SYSTEM32\ntdll.dll
0x00007ffa4b570000 - 0x00007ffa4b62d000 	C:\WINDOWS\System32\KERNEL32.DLL
0x00007ffa491d0000 - 0x00007ffa49498000 	C:\WINDOWS\System32\KERNELBASE.dll
0x00007ffa4b2d0000 - 0x00007ffa4b37c000 	C:\WINDOWS\System32\ADVAPI32.dll
0x00007ffa49c30000 - 0x00007ffa49cce000 	C:\WINDOWS\System32\msvcrt.dll
0x00007ffa4b9b0000 - 0x00007ffa4ba4b000 	C:\WINDOWS\System32\sechost.dll
0x00007ffa4b440000 - 0x00007ffa4b564000 	C:\WINDOWS\System32\RPCRT4.dll
0x00007ffa4b7e0000 - 0x00007ffa4b980000 	C:\WINDOWS\System32\USER32.dll
0x00007ffa495a0000 - 0x00007ffa495c2000 	C:\WINDOWS\System32\win32u.dll
0x00007ffa4b750000 - 0x00007ffa4b77a000 	C:\WINDOWS\System32\GDI32.dll
0x00007ffa49910000 - 0x00007ffa49a19000 	C:\WINDOWS\System32\gdi32full.dll
0x00007ffa49a20000 - 0x00007ffa49abd000 	C:\WINDOWS\System32\msvcp_win.dll
0x00007ffa494a0000 - 0x00007ffa495a0000 	C:\WINDOWS\System32\ucrtbase.dll
0x00007ffa2c1c0000 - 0x00007ffa2c45b000 	C:\WINDOWS\WinSxS\amd64_microsoft.windows.common-controls_6595b64144ccf1df_6.0.19041.488_none_ca04af081b815d21\COMCTL32.dll
0x00007ffa4b980000 - 0x00007ffa4b9b0000 	C:\WINDOWS\System32\IMM32.DLL
0x0000000069b80000 - 0x0000000069c52000 	C:\Program Files\Android\Android Studio\jre\jre\bin\msvcr100.dll
0x0000000069c60000 - 0x000000006a4a6000 	C:\Program Files\Android\Android Studio\jre\jre\bin\server\jvm.dll
0x00007ffa49af0000 - 0x00007ffa49af8000 	C:\WINDOWS\System32\PSAPI.DLL
0x00007ffa36fc0000 - 0x00007ffa36fe7000 	C:\WINDOWS\SYSTEM32\WINMM.dll
0x00007ffa411f0000 - 0x00007ffa411f9000 	C:\WINDOWS\SYSTEM32\WSOCK32.dll
0x00007ffa4a3d0000 - 0x00007ffa4a43b000 	C:\WINDOWS\System32\WS2_32.dll
0x00007ffa42c40000 - 0x00007ffa42c4a000 	C:\WINDOWS\SYSTEM32\VERSION.dll
0x00007ffa43b00000 - 0x00007ffa43b0f000 	C:\Program Files\Android\Android Studio\jre\jre\bin\verify.dll
0x00007ffa2bca0000 - 0x00007ffa2bcc9000 	C:\Program Files\Android\Android Studio\jre\jre\bin\java.dll
0x00007ffa37e50000 - 0x00007ffa37e66000 	C:\Program Files\Android\Android Studio\jre\jre\bin\zip.dll
0x00007ffa4ab80000 - 0x00007ffa4b2c1000 	C:\WINDOWS\System32\SHELL32.dll
0x00007ffa47320000 - 0x00007ffa47ab5000 	C:\WINDOWS\SYSTEM32\windows.storage.dll
0x00007ffa49ff0000 - 0x00007ffa4a345000 	C:\WINDOWS\System32\combase.dll
0x00007ffa48b70000 - 0x00007ffa48b9c000 	C:\WINDOWS\SYSTEM32\Wldp.dll
0x00007ffa4aad0000 - 0x00007ffa4ab7e000 	C:\WINDOWS\System32\SHCORE.dll
0x00007ffa49d60000 - 0x00007ffa49db5000 	C:\WINDOWS\System32\shlwapi.dll
0x00007ffa49100000 - 0x00007ffa49126000 	C:\WINDOWS\SYSTEM32\profapi.dll
0x00007ffa2d0e0000 - 0x00007ffa2d0fa000 	C:\Program Files\Android\Android Studio\jre\jre\bin\net.dll
0x00007ffa3f160000 - 0x00007ffa3f34d000 	C:\WINDOWS\SYSTEM32\urlmon.dll
0x00007ffa3d4d0000 - 0x00007ffa3d780000 	C:\WINDOWS\SYSTEM32\iertutil.dll
0x00007ffa488f0000 - 0x00007ffa4895a000 	C:\WINDOWS\system32\mswsock.dll
0x00007ffa26640000 - 0x00007ffa26653000 	C:\Program Files\Android\Android Studio\jre\jre\bin\nio.dll
0x00007ffa2c000000 - 0x00007ffa2c026000 	C:\Users\Vivian3934\.gradle\native\30\windows-amd64\native-platform.dll
0x00007ffa43af0000 - 0x00007ffa43afd000 	C:\Program Files\Android\Android Studio\jre\jre\bin\management.dll
0x00007ffa48ac0000 - 0x00007ffa48ad8000 	C:\WINDOWS\SYSTEM32\CRYPTSP.dll
0x00007ffa48280000 - 0x00007ffa482b4000 	C:\WINDOWS\system32\rsaenh.dll
0x00007ffa49ac0000 - 0x00007ffa49ae7000 	C:\WINDOWS\System32\bcrypt.dll
0x00007ffa490c0000 - 0x00007ffa490ee000 	C:\WINDOWS\SYSTEM32\USERENV.dll
0x00007ffa497e0000 - 0x00007ffa4985f000 	C:\WINDOWS\System32\bcryptprimitives.dll
0x00007ffa48ae0000 - 0x00007ffa48aec000 	C:\WINDOWS\SYSTEM32\CRYPTBASE.dll
0x00007ffa485e0000 - 0x00007ffa4861b000 	C:\WINDOWS\SYSTEM32\IPHLPAPI.DLL
0x00007ffa4a9e0000 - 0x00007ffa4a9e8000 	C:\WINDOWS\System32\NSI.dll
0x00007ffa42f20000 - 0x00007ffa42f37000 	C:\WINDOWS\SYSTEM32\dhcpcsvc6.DLL
0x00007ffa436c0000 - 0x00007ffa436dd000 	C:\WINDOWS\SYSTEM32\dhcpcsvc.DLL
0x00007ffa48620000 - 0x00007ffa486eb000 	C:\WINDOWS\SYSTEM32\DNSAPI.dll
0x00007ffa47fd0000 - 0x00007ffa48003000 	C:\WINDOWS\SYSTEM32\ntmarta.dll
0x00007ffa46b30000 - 0x00007ffa46bc0000 	C:\WINDOWS\system32\apphelp.dll

VM Arguments:
jvm_args: -Xmx1536m -Dfile.encoding=x-windows-950 -Duser.country=TW -Duser.language=zh -Duser.variant 
java_command: org.gradle.launcher.daemon.bootstrap.GradleDaemon 5.6.4
java_class_path (initial): C:\Users\Vivian3934\.gradle\wrapper\dists\gradle-5.6.4-all\ankdp27end7byghfw1q2sw75f\gradle-5.6.4\lib\gradle-launcher-5.6.4.jar
Launcher Type: SUN_STANDARD

Environment Variables:
JAVA_HOME=C:\Program Files\Java\jdk-14.0.1
PATH=C:\Program Files (x86)\Common Files\Oracle\Java\javapath;C:\Program Files (x86)\NVIDIA Corporation\PhysX\Common;C:\Program Files\Python38\Scripts\;C:\Program Files\Python38\;C:\Program Files (x86)\Common Files\Intel\Shared Libraries\redist\intel64_win\compiler;C:\WINDOWS\system32;C:\WINDOWS;C:\WINDOWS\System32\Wbem;C:\WINDOWS\System32\WindowsPowerShell\v1.0\;C:\WINDOWS\System32\OpenSSH\;C:\Program Files\dotnet\;C:\Program Files\Microsoft SQL Server\130\Tools\Binn\;C:\Program Files\Common Files\Autodesk Shared\;C:\Program Files\Microsoft SQL Server\110\Tools\Binn\;C:\Program Files\Java\jdk-14.0.1\bin;C:\Program Files\Microsoft SQL Server\Client SDK\ODBC\130\Tools\Binn\;C:\Program Files (x86)\Microsoft SQL Server\140\Tools\Binn\;C:\Program Files\Microsoft SQL Server\140\Tools\Binn\;C:\Program Files\Microsoft SQL Server\140\DTS\Binn\;C:\Program Files (x86)\Microsoft SQL Server\150\DTS\Binn\;C:\Users\Vivian3934\AppData\Local\Microsoft\WindowsApps;C:\Program Files\Bandizip\;
USERNAME=Vivian3934
OS=Windows_NT
PROCESSOR_IDENTIFIER=Intel64 Family 6 Model 78 Stepping 3, GenuineIntel



---------------  S Y S T E M  ---------------

OS: Windows 10.0 , 64 bit Build 19041 (10.0.19041.546)

CPU:total 4 (initial active 4) (2 cores per cpu, 2 threads per core) family 6 model 78 stepping 3, cmov, cx8, fxsr, mmx, sse, sse2, sse3, ssse3, sse4.1, sse4.2, popcnt, avx, avx2, aes, clmul, erms, 3dnowpref, lzcnt, ht, tsc, tscinvbit, bmi1, bmi2, adx

Memory: 4k page, physical 8251060k(359268k free), swap 10348212k(5616k free)

vm_info: OpenJDK 64-Bit Server VM (25.212-b04) for windows-amd64 JRE (1.8.0_212-release-1586-b04), built by "builder" with MS VC++ 10.0 (VS2010)

time: Mon Nov 30 00:10:45 2020
timezone: 台北標準時間
elapsed time: 1114 seconds (0d 0h 18m 34s)

