#
# There is insufficient memory for the Java Runtime Environment to continue.
# Native memory allocation (malloc) failed to allocate 672176 bytes for Chunk::new
# Possible reasons:
#   The system is out of physical RAM or swap space
#   The process is running with CompressedOops enabled, and the Java Heap may be blocking the growth of the native heap
# Possible solutions:
#   Reduce memory load on the system
#   Increase physical memory or swap space
#   Check if swap backing store is full
#   Decrease Java heap size (-Xmx/-Xms)
#   Decrease number of Java threads
#   Decrease Java thread stack sizes (-Xss)
#   Set larger code cache with -XX:ReservedCodeCacheSize=
#   JVM is running with Unscaled Compressed Oops mode in which the Java heap is
#     placed in the first 4GB address space. The Java Heap base address is the
#     maximum limit for the native heap growth. Please use -XX:HeapBaseMinAddress
#     to set the Java Heap base and to place the Java Heap above 4GB virtual address.
# This output file may be truncated or incomplete.
#
#  Out of Memory Error (allocation.cpp:389), pid=2300, tid=0x00000000000007d8
#
# JRE version: OpenJDK Runtime Environment (8.0_212-b04) (build 1.8.0_212-release-1586-b04)
# Java VM: OpenJDK 64-Bit Server VM (25.212-b04 mixed mode windows-amd64 compressed oops)
# Failed to write core dump. Minidumps are not enabled by default on client versions of Windows
#

---------------  T H R E A D  ---------------

Current thread (0x0000000016782000):  JavaThread "C2 CompilerThread1" daemon [_thread_in_native, id=2008, stack(0x00000000181e0000,0x00000000182e0000)]

Stack: [0x00000000181e0000,0x00000000182e0000]
[error occurred during error reporting (printing stack bounds), id 0xc0000005]

Native frames: (J=compiled Java code, j=interpreted, Vv=VM code, C=native code)


Current CompileTask:
C2:3580947 22208       4       com.android.builder.symbols.BytecodeRClassWriterKt::generateResourceTypeClass (595 bytes)


---------------  P R O C E S S  ---------------

Java Threads: ( => current thread )
  0x000000001936d800 JavaThread "Cache worker for Java compile cache (C:\Users\Vivian3934\AndroidStudioProjects\3F - 20201130\.gradle\5.6.4\javaCompile)" [_thread_blocked, id=11032, stack(0x00000000259c0000,0x0000000025ac0000)]
  0x000000001936c800 JavaThread "WorkerExecutor Queue Thread 2" [_thread_blocked, id=14296, stack(0x00000000258c0000,0x00000000259c0000)]
  0x0000000019373800 JavaThread "stdout" [_thread_in_native, id=10116, stack(0x00000000257c0000,0x00000000258c0000)]
  0x0000000019372800 JavaThread "stderr" [_thread_in_native, id=11536, stack(0x0000000025270000,0x0000000025370000)]
  0x0000000019369800 JavaThread "pool-28-thread-1" [_thread_blocked, id=17184, stack(0x0000000024f70000,0x0000000025070000)]
  0x000000001936b000 JavaThread "WorkerExecutor Queue" [_thread_blocked, id=18292, stack(0x0000000024670000,0x0000000024770000)]
  0x00000000290aa000 JavaThread "Cache worker for execution history cache (C:\Users\Vivian3934\AndroidStudioProjects\3F - 20201130\.gradle\5.6.4\executionHistory)" [_thread_blocked, id=12792, stack(0x0000000023f70000,0x0000000024070000)]
  0x00000000290a9000 JavaThread "Execution worker for ':' Thread 3" [_thread_blocked, id=17556, stack(0x0000000023b70000,0x0000000023c70000)]
  0x00000000290a8800 JavaThread "Execution worker for ':' Thread 2" [_thread_in_native, id=15828, stack(0x0000000023a70000,0x0000000023b70000)]
  0x00000000290a7800 JavaThread "Execution worker for ':'" [_thread_blocked, id=7256, stack(0x0000000022110000,0x0000000022210000)]
  0x00000000290a0000 JavaThread "Cache worker for file content cache (C:\Users\Vivian3934\AndroidStudioProjects\3F - 20201130\.gradle\5.6.4\fileContent)" [_thread_blocked, id=6620, stack(0x0000000021110000,0x0000000021210000)]
  0x00000000290a7000 JavaThread "Cache worker for Build Output Cleanup Cache (C:\Users\Vivian3934\AndroidStudioProjects\3F - 20201130\.gradle\buildOutputCleanup)" [_thread_blocked, id=12424, stack(0x0000000020a10000,0x0000000020b10000)]
  0x00000000290a6000 JavaThread "Build operations Thread 4" [_thread_blocked, id=15148, stack(0x0000000020910000,0x0000000020a10000)]
  0x00000000290a5800 JavaThread "Build operations Thread 3" [_thread_blocked, id=15500, stack(0x0000000020810000,0x0000000020910000)]
  0x00000000290a4800 JavaThread "Build operations Thread 2" [_thread_blocked, id=6812, stack(0x0000000020710000,0x0000000020810000)]
  0x00000000290a3800 JavaThread "Build operations" [_thread_blocked, id=15564, stack(0x000000001e8d0000,0x000000001e9d0000)]
  0x00000000290a3000 JavaThread "Cache worker for cache directory md-rule (C:\Users\Vivian3934\.gradle\caches\5.6.4\md-rule)" [_thread_blocked, id=17956, stack(0x000000001e7d0000,0x000000001e8d0000)]
  0x00000000290a2000 JavaThread "Cache worker for cache directory md-supplier (C:\Users\Vivian3934\.gradle\caches\5.6.4\md-supplier)" [_thread_blocked, id=17444, stack(0x000000001e6d0000,0x000000001e7d0000)]
  0x000000002909a800 JavaThread "Cache worker for file hash cache (C:\Users\Vivian3934\AndroidStudioProjects\3F - 20201130\.gradle\5.6.4\fileHashes)" [_thread_blocked, id=9984, stack(0x000000001e5d0000,0x000000001e6d0000)]
  0x000000002909b800 JavaThread "Thread-330" [_thread_blocked, id=14620, stack(0x000000001bb30000,0x000000001bc30000)]
  0x00000000290a0800 JavaThread "Stdin handler" [_thread_blocked, id=444, stack(0x000000001b830000,0x000000001b930000)]
  0x000000002909e800 JavaThread "Asynchronous log dispatcher for DefaultDaemonConnection: socket connection from /127.0.0.1:61009 to /127.0.0.1:63548" [_thread_blocked, id=13936, stack(0x000000001b730000,0x000000001b830000)]
  0x000000002909d800 JavaThread "Daemon worker Thread 9" [_thread_blocked, id=7876, stack(0x000000001b430000,0x000000001b530000)]
  0x000000002909f000 JavaThread "Cancel handler" [_thread_blocked, id=14036, stack(0x000000001b330000,0x000000001b430000)]
  0x00000000290a1800 JavaThread "Handler for socket connection from /127.0.0.1:61009 to /127.0.0.1:63548" [_thread_in_native, id=12180, stack(0x0000000000e30000,0x0000000000f30000)]
  0x000000002909d000 JavaThread "Daemon Thread 9" [_thread_blocked, id=6640, stack(0x0000000000d30000,0x0000000000e30000)]
  0x000000001ef11800 JavaThread "Cache worker for Java compile cache (C:\Users\Vivian3934\.gradle\caches\5.6.4\javaCompile)" [_thread_blocked, id=14332, stack(0x0000000023e70000,0x0000000023f70000)]
  0x0000000019925800 JavaThread "Cache worker for file content cache (C:\Users\Vivian3934\.gradle\caches\5.6.4\fileContent)" [_thread_blocked, id=16348, stack(0x0000000021d10000,0x0000000021e10000)]
  0x000000001992b800 JavaThread "Memory manager" [_thread_blocked, id=3508, stack(0x0000000021c10000,0x0000000021d10000)]
  0x0000000019928000 JavaThread "Cache worker for execution history cache (C:\Users\Vivian3934\.gradle\caches\5.6.4\executionHistory)" [_thread_blocked, id=1544, stack(0x0000000020410000,0x0000000020510000)]
  0x0000000018fd8000 JavaThread "Cache worker for journal cache (C:\Users\Vivian3934\.gradle\caches\journal-1)" [_thread_blocked, id=15800, stack(0x000000001c030000,0x000000001c130000)]
  0x0000000018fdd800 JavaThread "File lock request listener" [_thread_in_native, id=17972, stack(0x000000001bf30000,0x000000001c030000)]
  0x0000000018fd9800 JavaThread "Cache worker for file hash cache (C:\Users\Vivian3934\.gradle\caches\5.6.4\fileHashes)" [_thread_blocked, id=16516, stack(0x000000001be30000,0x000000001bf30000)]
  0x0000000019fc2000 JavaThread "Daemon periodic checks" [_thread_blocked, id=14652, stack(0x000000001b230000,0x000000001b330000)]
  0x0000000019fc0000 JavaThread "Incoming local TCP Connector on port 61009" [_thread_in_native, id=11976, stack(0x000000001b080000,0x000000001b180000)]
  0x00000000187c3800 JavaThread "Daemon health stats" [_thread_blocked, id=5448, stack(0x000000001ad80000,0x000000001ae80000)]
  0x0000000017b5b000 JavaThread "Service Thread" daemon [_thread_blocked, id=2344, stack(0x00000000183e0000,0x00000000184e0000)]
  0x0000000016786000 JavaThread "C1 CompilerThread2" daemon [_thread_blocked, id=12360, stack(0x00000000182e0000,0x00000000183e0000)]
=>0x0000000016782000 JavaThread "C2 CompilerThread1" daemon [_thread_in_native, id=2008, stack(0x00000000181e0000,0x00000000182e0000)]
  0x00000000167cc800 JavaThread "C2 CompilerThread0" daemon [_thread_blocked, id=8384, stack(0x00000000180e0000,0x00000000181e0000)]
  0x00000000167cb800 JavaThread "Attach Listener" daemon [_thread_blocked, id=14840, stack(0x0000000017fe0000,0x00000000180e0000)]
  0x0000000017af0800 JavaThread "Signal Dispatcher" daemon [_thread_blocked, id=580, stack(0x0000000017ee0000,0x0000000017fe0000)]
  0x0000000002dfd800 JavaThread "Finalizer" daemon [_thread_blocked, id=13148, stack(0x00000000179e0000,0x0000000017ae0000)]
  0x0000000016759000 JavaThread "Reference Handler" daemon [_thread_blocked, id=12408, stack(0x00000000178e0000,0x00000000179e0000)]
  0x0000000002d02800 JavaThread "main" [_thread_blocked, id=6072, stack(0x0000000002ba0000,0x0000000002ca0000)]

Other Threads:
  0x0000000016737000 VMThread [stack: 0x00000000177e0000,0x00000000178e0000] [id=10716]
  0x0000000017b68000 WatcherThread [stack: 0x00000000184e0000,0x00000000185e0000] [id=3820]

VM state:not at safepoint (normal execution)

VM Mutex/Monitor currently owned by a thread: None

heap address: 0x00000000a0000000, size: 1536 MB, Compressed Oops mode: 32-bit
Narrow klass base: 0x0000000000000000, Narrow klass shift: 3
Compressed class space size: 1073741824 Address: 0x0000000100000000

Heap:
 PSYoungGen      total 192000K, used 89736K [0x00000000e0000000, 0x00000000ed680000, 0x0000000100000000)
  eden space 164352K, 44% used [0x00000000e0000000,0x00000000e470dbc0,0x00000000ea080000)
  from space 27648K, 61% used [0x00000000ebb00000,0x00000000ecb946f0,0x00000000ed600000)
  to   space 27136K, 0% used [0x00000000ea080000,0x00000000ea080000,0x00000000ebb00000)
 ParOldGen       total 210432K, used 49876K [0x00000000a0000000, 0x00000000acd80000, 0x00000000e0000000)
  object space 210432K, 23% used [0x00000000a0000000,0x00000000a30b5088,0x00000000acd80000)
 Metaspace       used 93452K, capacity 98220K, committed 98856K, reserved 1134592K
  class space    used 11995K, capacity 12877K, committed 13096K, reserved 1048576K

Card table byte_map: [0x00000000121c0000,0x00000000124d0000] byte_map_base: 0x0000000011cc0000

Marking Bits: (ParMarkBitMap*) 0x000000006a0d9f30
 Begin Bits: [0x0000000012ad0000, 0x00000000142d0000)
 End Bits:   [0x00000000142d0000, 0x0000000015ad0000)

Polling page: 0x0000000000c20000

CodeCache: size=245760Kb used=58025Kb max_used=58029Kb free=187734Kb
 bounds [0x0000000002e00000, 0x0000000006700000, 0x0000000011e00000]
 total_blobs=18559 nmethods=17656 adapters=814
 compilation: enabled

Compilation events (10 events):
Event: 3580.914 Thread 0x0000000016786000 22220       3       org.codehaus.groovy.runtime.typehandling.DefaultTypeTransformation::castToType (143 bytes)
Event: 3580.915 Thread 0x0000000016786000 nmethod 22220 0x0000000006208b90 code [0x0000000006208e20, 0x0000000006209ca8]
Event: 3580.926 Thread 0x00000000167cc800 22221       4       org.gradle.api.internal.tasks.compile.incremental.deps.DependentsSet$DefaultDependentsSet::<init> (7 bytes)
Event: 3580.926 Thread 0x0000000016786000 22222       3       org.gradle.api.internal.tasks.compile.incremental.deps.ClassSetAnalysisData::getDependents (76 bytes)
Event: 3580.927 Thread 0x00000000167cc800 nmethod 22221 0x0000000004417210 code [0x0000000004417340, 0x00000000044173b8]
Event: 3580.927 Thread 0x0000000016786000 nmethod 22222 0x00000000066f9bd0 code [0x00000000066f9de0, 0x00000000066fa878]
Event: 3580.928 Thread 0x0000000016786000 22223       3       org.gradle.internal.metaobject.DynamicInvokeResult::found (4 bytes)
Event: 3580.928 Thread 0x0000000016786000 nmethod 22223 0x00000000043b3850 code [0x00000000043b39a0, 0x00000000043b3ad0]
Event: 3580.937 Thread 0x0000000016786000 22224       3       java.util.PriorityQueue::siftUpUsingComparator (57 bytes)
Event: 3580.938 Thread 0x0000000016786000 nmethod 22224 0x0000000006207610 code [0x00000000062077c0, 0x0000000006207de8]

GC Heap History (10 events):
Event: 3242.382 GC heap before
{Heap before GC invocations=26 (full 3):
 PSYoungGen      total 200704K, used 195678K [0x00000000e0000000, 0x00000000ee580000, 0x0000000100000000)
  eden space 179712K, 100% used [0x00000000e0000000,0x00000000eaf80000,0x00000000eaf80000)
  from space 20992K, 76% used [0x00000000ed100000,0x00000000ee097aa8,0x00000000ee580000)
  to   space 27648K, 0% used [0x00000000eaf80000,0x00000000eaf80000,0x00000000eca80000)
 ParOldGen       total 134656K, used 58613K [0x00000000a0000000, 0x00000000a8380000, 0x00000000e0000000)
  object space 134656K, 43% used [0x00000000a0000000,0x00000000a393d668,0x00000000a8380000)
 Metaspace       used 91056K, capacity 95964K, committed 96296K, reserved 1132544K
  class space    used 11819K, capacity 12743K, committed 12840K, reserved 1048576K
Event: 3242.400 GC heap after
Heap after GC invocations=26 (full 3):
 PSYoungGen      total 185856K, used 11695K [0x00000000e0000000, 0x00000000ede00000, 0x0000000100000000)
  eden space 174080K, 0% used [0x00000000e0000000,0x00000000e0000000,0x00000000eaa00000)
  from space 11776K, 99% used [0x00000000eaf80000,0x00000000ebaebc80,0x00000000ebb00000)
  to   space 26624K, 0% used [0x00000000ec400000,0x00000000ec400000,0x00000000ede00000)
 ParOldGen       total 134656K, used 58621K [0x00000000a0000000, 0x00000000a8380000, 0x00000000e0000000)
  object space 134656K, 43% used [0x00000000a0000000,0x00000000a393f668,0x00000000a8380000)
 Metaspace       used 91056K, capacity 95964K, committed 96296K, reserved 1132544K
  class space    used 11819K, capacity 12743K, committed 12840K, reserved 1048576K
}
Event: 3394.987 GC heap before
{Heap before GC invocations=27 (full 3):
 PSYoungGen      total 185856K, used 185775K [0x00000000e0000000, 0x00000000ede00000, 0x0000000100000000)
  eden space 174080K, 100% used [0x00000000e0000000,0x00000000eaa00000,0x00000000eaa00000)
  from space 11776K, 99% used [0x00000000eaf80000,0x00000000ebaebc80,0x00000000ebb00000)
  to   space 26624K, 0% used [0x00000000ec400000,0x00000000ec400000,0x00000000ede00000)
 ParOldGen       total 134656K, used 58621K [0x00000000a0000000, 0x00000000a8380000, 0x00000000e0000000)
  object space 134656K, 43% used [0x00000000a0000000,0x00000000a393f668,0x00000000a8380000)
 Metaspace       used 91968K, capacity 96838K, committed 97064K, reserved 1134592K
  class space    used 11902K, capacity 12820K, committed 12840K, reserved 1048576K
Event: 3395.042 GC heap after
Heap after GC invocations=27 (full 3):
 PSYoungGen      total 194560K, used 23168K [0x00000000e0000000, 0x00000000edd00000, 0x0000000100000000)
  eden space 168960K, 0% used [0x00000000e0000000,0x00000000e0000000,0x00000000ea500000)
  from space 25600K, 90% used [0x00000000ec400000,0x00000000edaa0190,0x00000000edd00000)
  to   space 28672K, 0% used [0x00000000ea500000,0x00000000ea500000,0x00000000ec100000)
 ParOldGen       total 134656K, used 58629K [0x00000000a0000000, 0x00000000a8380000, 0x00000000e0000000)
  object space 134656K, 43% used [0x00000000a0000000,0x00000000a3941668,0x00000000a8380000)
 Metaspace       used 91968K, capacity 96838K, committed 97064K, reserved 1134592K
  class space    used 11902K, capacity 12820K, committed 12840K, reserved 1048576K
}
Event: 3430.403 GC heap before
{Heap before GC invocations=28 (full 3):
 PSYoungGen      total 194560K, used 137588K [0x00000000e0000000, 0x00000000edd00000, 0x0000000100000000)
  eden space 168960K, 67% used [0x00000000e0000000,0x00000000e6fbd138,0x00000000ea500000)
  from space 25600K, 90% used [0x00000000ec400000,0x00000000edaa0190,0x00000000edd00000)
  to   space 28672K, 0% used [0x00000000ea500000,0x00000000ea500000,0x00000000ec100000)
 ParOldGen       total 134656K, used 58629K [0x00000000a0000000, 0x00000000a8380000, 0x00000000e0000000)
  object space 134656K, 43% used [0x00000000a0000000,0x00000000a3941668,0x00000000a8380000)
 Metaspace       used 93535K, capacity 98444K, committed 98600K, reserved 1134592K
  class space    used 12045K, capacity 12971K, committed 13096K, reserved 1048576K
Event: 3430.420 GC heap after
Heap after GC invocations=28 (full 3):
 PSYoungGen      total 178688K, used 14505K [0x00000000e0000000, 0x00000000ed600000, 0x0000000100000000)
  eden space 163840K, 0% used [0x00000000e0000000,0x00000000e0000000,0x00000000ea000000)
  from space 14848K, 97% used [0x00000000ea500000,0x00000000eb32a4d0,0x00000000eb380000)
  to   space 27648K, 0% used [0x00000000ebb00000,0x00000000ebb00000,0x00000000ed600000)
 ParOldGen       total 134656K, used 58629K [0x00000000a0000000, 0x00000000a8380000, 0x00000000e0000000)
  object space 134656K, 43% used [0x00000000a0000000,0x00000000a3941668,0x00000000a8380000)
 Metaspace       used 93535K, capacity 98444K, committed 98600K, reserved 1134592K
  class space    used 12045K, capacity 12971K, committed 13096K, reserved 1048576K
}
Event: 3430.420 GC heap before
{Heap before GC invocations=29 (full 4):
 PSYoungGen      total 178688K, used 14505K [0x00000000e0000000, 0x00000000ed600000, 0x0000000100000000)
  eden space 163840K, 0% used [0x00000000e0000000,0x00000000e0000000,0x00000000ea000000)
  from space 14848K, 97% used [0x00000000ea500000,0x00000000eb32a4d0,0x00000000eb380000)
  to   space 27648K, 0% used [0x00000000ebb00000,0x00000000ebb00000,0x00000000ed600000)
 ParOldGen       total 134656K, used 58629K [0x00000000a0000000, 0x00000000a8380000, 0x00000000e0000000)
  object space 134656K, 43% used [0x00000000a0000000,0x00000000a3941668,0x00000000a8380000)
 Metaspace       used 93535K, capacity 98444K, committed 98600K, reserved 1134592K
  class space    used 12045K, capacity 12971K, committed 13096K, reserved 1048576K
Event: 3430.765 GC heap after
Heap after GC invocations=29 (full 4):
 PSYoungGen      total 178688K, used 0K [0x00000000e0000000, 0x00000000ed600000, 0x0000000100000000)
  eden space 163840K, 0% used [0x00000000e0000000,0x00000000e0000000,0x00000000ea000000)
  from space 14848K, 0% used [0x00000000ea500000,0x00000000ea500000,0x00000000eb380000)
  to   space 27648K, 0% used [0x00000000ebb00000,0x00000000ebb00000,0x00000000ed600000)
 ParOldGen       total 210432K, used 49868K [0x00000000a0000000, 0x00000000acd80000, 0x00000000e0000000)
  object space 210432K, 23% used [0x00000000a0000000,0x00000000a30b3088,0x00000000acd80000)
 Metaspace       used 93319K, capacity 98016K, committed 98600K, reserved 1134592K
  class space    used 11993K, capacity 12875K, committed 13096K, reserved 1048576K
}
Event: 3578.529 GC heap before
{Heap before GC invocations=30 (full 4):
 PSYoungGen      total 178688K, used 163840K [0x00000000e0000000, 0x00000000ed600000, 0x0000000100000000)
  eden space 163840K, 100% used [0x00000000e0000000,0x00000000ea000000,0x00000000ea000000)
  from space 14848K, 0% used [0x00000000ea500000,0x00000000ea500000,0x00000000eb380000)
  to   space 27648K, 0% used [0x00000000ebb00000,0x00000000ebb00000,0x00000000ed600000)
 ParOldGen       total 210432K, used 49868K [0x00000000a0000000, 0x00000000acd80000, 0x00000000e0000000)
  object space 210432K, 23% used [0x00000000a0000000,0x00000000a30b3088,0x00000000acd80000)
 Metaspace       used 93379K, capacity 98156K, committed 98856K, reserved 1134592K
  class space    used 11994K, capacity 12877K, committed 13096K, reserved 1048576K
Event: 3578.561 GC heap after
Heap after GC invocations=30 (full 4):
 PSYoungGen      total 192000K, used 16977K [0x00000000e0000000, 0x00000000ed680000, 0x0000000100000000)
  eden space 164352K, 0% used [0x00000000e0000000,0x00000000e0000000,0x00000000ea080000)
  from space 27648K, 61% used [0x00000000ebb00000,0x00000000ecb946f0,0x00000000ed600000)
  to   space 27136K, 0% used [0x00000000ea080000,0x00000000ea080000,0x00000000ebb00000)
 ParOldGen       total 210432K, used 49876K [0x00000000a0000000, 0x00000000acd80000, 0x00000000e0000000)
  object space 210432K, 23% used [0x00000000a0000000,0x00000000a30b5088,0x00000000acd80000)
 Metaspace       used 93379K, capacity 98156K, committed 98856K, reserved 1134592K
  class space    used 11994K, capacity 12877K, committed 13096K, reserved 1048576K
}

Deoptimization events (10 events):
Event: 3578.591 Thread 0x00000000290a7800 Uncommon trap: reason=bimorphic action=maybe_recompile pc=0x000000000653b8a0 method=com.sun.org.apache.xerces.internal.dom.CoreDocumentImpl.isKidOK(Lorg/w3c/dom/Node;Lorg/w3c/dom/Node;)Z @ 39
Event: 3578.591 Thread 0x00000000290a7800 Uncommon trap: reason=null_check action=make_not_entrant pc=0x0000000006552c6c method=com.android.ide.common.resources.NodeUtils.processSingleNodeNamespace(Lorg/w3c/dom/Node;Lorg/w3c/dom/Document;)Z @ 8
Event: 3578.592 Thread 0x00000000290a7800 Uncommon trap: reason=unstable_if action=reinterpret pc=0x00000000065384a0 method=com.sun.org.apache.xerces.internal.dom.ParentNode.nodeListItem(I)Lorg/w3c/dom/Node; @ 76
Event: 3579.108 Thread 0x00000000290a7800 Uncommon trap: reason=unstable_if action=reinterpret pc=0x0000000005c6e10c method=org.gradle.internal.resources.DefaultResourceLockCoordinationService$DefaultResourceLockState.releaseLocks()V @ 4
Event: 3579.108 Thread 0x00000000290a7800 Uncommon trap: reason=unstable_if action=reinterpret pc=0x0000000005f65bf8 method=org.gradle.internal.resources.DefaultResourceLockCoordinationService$DefaultResourceLockState.registerUnlocked(Lorg/gradle/internal/resources/ResourceLock;)V @ 4
Event: 3579.123 Thread 0x00000000290a7800 Uncommon trap: reason=class_check action=maybe_recompile pc=0x0000000004de97e0 method=com.google.common.collect.Maps$TransformedEntriesMap.<init>(Ljava/util/Map;Lcom/google/common/collect/Maps$EntryTransformer;)V @ 20
Event: 3579.123 Thread 0x00000000290a7800 Uncommon trap: reason=class_check action=maybe_recompile pc=0x0000000004de97e0 method=com.google.common.collect.Maps$TransformedEntriesMap.<init>(Ljava/util/Map;Lcom/google/common/collect/Maps$EntryTransformer;)V @ 20
Event: 3579.123 Thread 0x00000000290a7800 Uncommon trap: reason=class_check action=maybe_recompile pc=0x0000000004de97e0 method=com.google.common.collect.Maps$TransformedEntriesMap.<init>(Ljava/util/Map;Lcom/google/common/collect/Maps$EntryTransformer;)V @ 20
Event: 3580.844 Thread 0x000000001936b000 Uncommon trap: reason=bimorphic action=maybe_recompile pc=0x00000000064d6d30 method=com.sun.org.apache.xerces.internal.parsers.AbstractSAXParser.endNamespaceMapping()V @ 35
Event: 3580.884 Thread 0x00000000290a7800 Uncommon trap: reason=class_check action=maybe_recompile pc=0x0000000004de97e0 method=com.google.common.collect.Maps$TransformedEntriesMap.<init>(Ljava/util/Map;Lcom/google/common/collect/Maps$EntryTransformer;)V @ 20

Classes redefined (0 events):
No events

Internal exceptions (10 events):
Event: 3398.711 Thread 0x0000000019924000 Exception <a 'sun/nio/fs/WindowsException'> (0x00000000e3f8ac48) thrown at [D:\src\AOSP-openjdk-cygwin\jdk8u\hotspot\src\share\vm\prims\jni.cpp, line 710]
Event: 3399.017 Thread 0x000000001992e000 Exception <a 'java/lang/NoSuchMethodError': java.lang.Object.lambda$asRunnable$0(Lcom/android/tools/build/apkzlib/utils/IOExceptionRunnable;)V> (0x00000000e52f0758) thrown at [D:\src\AOSP-openjdk-cygwin\jdk8u\hotspot\src\share\vm\interpreter\linkResolver.
Event: 3399.031 Thread 0x000000001992e000 Implicit null exception at 0x0000000003c84a5f to 0x0000000003c85e81
Event: 3399.194 Thread 0x000000001ef0c000 Exception <a 'sun/nio/fs/WindowsException'> (0x00000000e56c7398) thrown at [D:\src\AOSP-openjdk-cygwin\jdk8u\hotspot\src\share\vm\prims\jni.cpp, line 710]
Event: 3431.372 Thread 0x000000001ef0c000 Exception <a 'sun/nio/fs/WindowsException'> (0x00000000e491c5e0) thrown at [D:\src\AOSP-openjdk-cygwin\jdk8u\hotspot\src\share\vm\prims\jni.cpp, line 710]
Event: 3574.987 Thread 0x000000002909d800 Implicit null exception at 0x0000000003b08257 to 0x0000000003b085c5
Event: 3574.987 Thread 0x000000002909d800 Implicit null exception at 0x0000000003d5de65 to 0x0000000003d5e1c1
Event: 3578.591 Thread 0x00000000290a7800 Implicit null exception at 0x0000000006551b1b to 0x0000000006552c5d
Event: 3580.732 Thread 0x000000001936b000 Exception <a 'sun/nio/fs/WindowsException'> (0x00000000e34f2ea8) thrown at [D:\src\AOSP-openjdk-cygwin\jdk8u\hotspot\src\share\vm\prims\jni.cpp, line 710]
Event: 3580.732 Thread 0x000000001936b000 Exception <a 'sun/nio/fs/WindowsException'> (0x00000000e34f3350) thrown at [D:\src\AOSP-openjdk-cygwin\jdk8u\hotspot\src\share\vm\prims\jni.cpp, line 710]

Events (10 events):
Event: 3580.899 Executing VM operation: RevokeBias done
Event: 3580.900 Executing VM operation: RevokeBias
Event: 3580.900 Executing VM operation: RevokeBias done
Event: 3580.900 Executing VM operation: RevokeBias
Event: 3580.900 Executing VM operation: RevokeBias done
Event: 3580.901 Executing VM operation: RevokeBias
Event: 3580.901 Executing VM operation: RevokeBias done
Event: 3580.906 Thread 0x000000001936d800 Thread added: 0x000000001936d800
Event: 3580.925 loading class org/gradle/api/internal/tasks/compile/incremental/deps/DependentsSet$1
Event: 3580.925 loading class org/gradle/api/internal/tasks/compile/incremental/deps/DependentsSet$1 done


Dynamic libraries:
0x00007ff778d80000 - 0x00007ff778db1000 	C:\Program Files\Android\Android Studio\jre\bin\java.exe
0x00007ffa4ba90000 - 0x00007ffa4bc86000 	C:\WINDOWS\SYSTEM32\ntdll.dll
0x00007ffa4b570000 - 0x00007ffa4b62d000 	C:\WINDOWS\System32\KERNEL32.DLL
0x00007ffa491d0000 - 0x00007ffa49498000 	C:\WINDOWS\System32\KERNELBASE.dll
0x00007ffa4b2d0000 - 0x00007ffa4b37c000 	C:\WINDOWS\System32\ADVAPI32.dll
0x00007ffa49c30000 - 0x00007ffa49cce000 	C:\WINDOWS\System32\msvcrt.dll
0x00007ffa4b9b0000 - 0x00007ffa4ba4b000 	C:\WINDOWS\System32\sechost.dll
0x00007ffa4b440000 - 0x00007ffa4b564000 	C:\WINDOWS\System32\RPCRT4.dll
0x00007ffa4b7e0000 - 0x00007ffa4b980000 	C:\WINDOWS\System32\USER32.dll
0x00007ffa495a0000 - 0x00007ffa495c2000 	C:\WINDOWS\System32\win32u.dll
0x00007ffa4b750000 - 0x00007ffa4b77a000 	C:\WINDOWS\System32\GDI32.dll
0x00007ffa49910000 - 0x00007ffa49a19000 	C:\WINDOWS\System32\gdi32full.dll
0x00007ffa49a20000 - 0x00007ffa49abd000 	C:\WINDOWS\System32\msvcp_win.dll
0x00007ffa494a0000 - 0x00007ffa495a0000 	C:\WINDOWS\System32\ucrtbase.dll
0x00007ffa2c1c0000 - 0x00007ffa2c45b000 	C:\WINDOWS\WinSxS\amd64_microsoft.windows.common-controls_6595b64144ccf1df_6.0.19041.488_none_ca04af081b815d21\COMCTL32.dll
0x00007ffa4b980000 - 0x00007ffa4b9b0000 	C:\WINDOWS\System32\IMM32.DLL
0x000000006a6b0000 - 0x000000006a782000 	C:\Program Files\Android\Android Studio\jre\jre\bin\msvcr100.dll
0x0000000069910000 - 0x000000006a156000 	C:\Program Files\Android\Android Studio\jre\jre\bin\server\jvm.dll
0x00007ffa49af0000 - 0x00007ffa49af8000 	C:\WINDOWS\System32\PSAPI.DLL
0x00007ffa36fc0000 - 0x00007ffa36fe7000 	C:\WINDOWS\SYSTEM32\WINMM.dll
0x00007ffa40660000 - 0x00007ffa40669000 	C:\WINDOWS\SYSTEM32\WSOCK32.dll
0x00007ffa4a3d0000 - 0x00007ffa4a43b000 	C:\WINDOWS\System32\WS2_32.dll
0x00007ffa42c40000 - 0x00007ffa42c4a000 	C:\WINDOWS\SYSTEM32\VERSION.dll
0x00007ffa40570000 - 0x00007ffa4057f000 	C:\Program Files\Android\Android Studio\jre\jre\bin\verify.dll
0x00007ffa34b80000 - 0x00007ffa34ba9000 	C:\Program Files\Android\Android Studio\jre\jre\bin\java.dll
0x00007ffa37e50000 - 0x00007ffa37e66000 	C:\Program Files\Android\Android Studio\jre\jre\bin\zip.dll
0x00007ffa4ab80000 - 0x00007ffa4b2c1000 	C:\WINDOWS\System32\SHELL32.dll
0x00007ffa47320000 - 0x00007ffa47ab5000 	C:\WINDOWS\SYSTEM32\windows.storage.dll
0x00007ffa49ff0000 - 0x00007ffa4a345000 	C:\WINDOWS\System32\combase.dll
0x00007ffa48b70000 - 0x00007ffa48b9c000 	C:\WINDOWS\SYSTEM32\Wldp.dll
0x00007ffa4aad0000 - 0x00007ffa4ab7e000 	C:\WINDOWS\System32\SHCORE.dll
0x00007ffa49d60000 - 0x00007ffa49db5000 	C:\WINDOWS\System32\shlwapi.dll
0x00007ffa49100000 - 0x00007ffa49126000 	C:\WINDOWS\SYSTEM32\profapi.dll
0x00007ffa35780000 - 0x00007ffa3579a000 	C:\Program Files\Android\Android Studio\jre\jre\bin\net.dll
0x00007ffa3f160000 - 0x00007ffa3f34d000 	C:\WINDOWS\SYSTEM32\urlmon.dll
0x00007ffa3d4d0000 - 0x00007ffa3d780000 	C:\WINDOWS\SYSTEM32\iertutil.dll
0x00007ffa488f0000 - 0x00007ffa4895a000 	C:\WINDOWS\system32\mswsock.dll
0x00007ffa33ab0000 - 0x00007ffa33ac3000 	C:\Program Files\Android\Android Studio\jre\jre\bin\nio.dll
0x00007ffa25cc0000 - 0x00007ffa25ce6000 	C:\Users\Vivian3934\.gradle\native\30\windows-amd64\native-platform.dll
0x00007ffa382a0000 - 0x00007ffa382ad000 	C:\Program Files\Android\Android Studio\jre\jre\bin\management.dll
0x00007ffa48ac0000 - 0x00007ffa48ad8000 	C:\WINDOWS\SYSTEM32\CRYPTSP.dll
0x00007ffa48280000 - 0x00007ffa482b4000 	C:\WINDOWS\system32\rsaenh.dll
0x00007ffa49ac0000 - 0x00007ffa49ae7000 	C:\WINDOWS\System32\bcrypt.dll
0x00007ffa490c0000 - 0x00007ffa490ee000 	C:\WINDOWS\SYSTEM32\USERENV.dll
0x00007ffa497e0000 - 0x00007ffa4985f000 	C:\WINDOWS\System32\bcryptprimitives.dll
0x00007ffa48ae0000 - 0x00007ffa48aec000 	C:\WINDOWS\SYSTEM32\CRYPTBASE.dll
0x00007ffa485e0000 - 0x00007ffa4861b000 	C:\WINDOWS\SYSTEM32\IPHLPAPI.DLL
0x00007ffa4a9e0000 - 0x00007ffa4a9e8000 	C:\WINDOWS\System32\NSI.dll
0x00007ffa42f20000 - 0x00007ffa42f37000 	C:\WINDOWS\SYSTEM32\dhcpcsvc6.DLL
0x00007ffa436c0000 - 0x00007ffa436dd000 	C:\WINDOWS\SYSTEM32\dhcpcsvc.DLL
0x00007ffa48620000 - 0x00007ffa486eb000 	C:\WINDOWS\SYSTEM32\DNSAPI.dll
0x00007ffa25e70000 - 0x00007ffa25e94000 	C:\Program Files\Android\Android Studio\jre\jre\bin\sunec.dll
0x00007ffa3f130000 - 0x00007ffa3f13a000 	C:\Windows\System32\rasadhlp.dll
0x00007ffa3fef0000 - 0x00007ffa3ff6f000 	C:\WINDOWS\System32\fwpuclnt.dll
0x00007ffa35860000 - 0x00007ffa3586b000 	C:\Program Files\Android\Android Studio\jre\jre\bin\sunmscapi.dll
0x00007ffa49680000 - 0x00007ffa497dd000 	C:\WINDOWS\System32\CRYPT32.dll

VM Arguments:
jvm_args: -Xmx1536m -Dfile.encoding=x-windows-950 -Duser.country=TW -Duser.language=zh -Duser.variant 
java_command: org.gradle.launcher.daemon.bootstrap.GradleDaemon 5.6.4
java_class_path (initial): C:\Users\Vivian3934\.gradle\wrapper\dists\gradle-5.6.4-all\ankdp27end7byghfw1q2sw75f\gradle-5.6.4\lib\gradle-launcher-5.6.4.jar
Launcher Type: SUN_STANDARD

Environment Variables:
JAVA_HOME=C:\Program Files\Java\jdk-14.0.1
PATH=C:\Program Files (x86)\Common Files\Oracle\Java\javapath;C:\Program Files (x86)\NVIDIA Corporation\PhysX\Common;C:\Program Files\Python38\Scripts\;C:\Program Files\Python38\;C:\Program Files (x86)\Common Files\Intel\Shared Libraries\redist\intel64_win\compiler;C:\WINDOWS\system32;C:\WINDOWS;C:\WINDOWS\System32\Wbem;C:\WINDOWS\System32\WindowsPowerShell\v1.0\;C:\WINDOWS\System32\OpenSSH\;C:\Program Files\dotnet\;C:\Program Files\Microsoft SQL Server\130\Tools\Binn\;C:\Program Files\Common Files\Autodesk Shared\;C:\Program Files\Microsoft SQL Server\110\Tools\Binn\;C:\Program Files\Java\jdk-14.0.1\bin;C:\Program Files\Microsoft SQL Server\Client SDK\ODBC\130\Tools\Binn\;C:\Program Files (x86)\Microsoft SQL Server\140\Tools\Binn\;C:\Program Files\Microsoft SQL Server\140\Tools\Binn\;C:\Program Files\Microsoft SQL Server\140\DTS\Binn\;C:\Program Files (x86)\Microsoft SQL Server\150\DTS\Binn\;C:\Users\Vivian3934\AppData\Local\Microsoft\WindowsApps;C:\Program Files\Bandizip\;
USERNAME=Vivian3934
OS=Windows_NT
PROCESSOR_IDENTIFIER=Intel64 Family 6 Model 78 Stepping 3, GenuineIntel



---------------  S Y S T E M  ---------------

OS: Windows 10.0 , 64 bit Build 19041 (10.0.19041.546)

CPU:total 4 (initial active 4) (2 cores per cpu, 2 threads per core) family 6 model 78 stepping 3, cmov, cx8, fxsr, mmx, sse, sse2, sse3, ssse3, sse4.1, sse4.2, popcnt, avx, avx2, aes, clmul, erms, 3dnowpref, lzcnt, ht, tsc, tscinvbit, bmi1, bmi2, adx

Memory: 4k page, physical 8251060k(1195544k free), swap 10348212k(5624k free)

vm_info: OpenJDK 64-Bit Server VM (25.212-b04) for windows-amd64 JRE (1.8.0_212-release-1586-b04), built by "builder" with MS VC++ 10.0 (VS2010)

time: Wed Dec 02 00:16:38 2020
timezone: 台北標準時間
elapsed time: 3580 seconds (0d 0h 59m 40s)

